<?xml version="1.0" encoding="UTF-8"?>
<testng-results skipped="0" failed="0" ignored="0" total="1" passed="1">
  <reporter-output>
  </reporter-output>
  <suite name="Default suite" duration-ms="21404" started-at="2020-05-21T05:12:25Z" finished-at="2020-05-21T05:12:46Z">
    <groups>
    </groups>
    <test name="Default test" duration-ms="21404" started-at="2020-05-21T05:12:25Z" finished-at="2020-05-21T05:12:46Z">
      <class name="com.AutomationTesting.TestCases.TshirtsPageTest">
        <test-method status="PASS" signature="setUp()[pri:0, instance:com.AutomationTesting.TestCases.TshirtsPageTest@91161c7]" name="setUp" is-config="true" duration-ms="20758" started-at="2020-05-21T10:42:25Z" finished-at="2020-05-21T10:42:46Z">
          <reporter-output>
          </reporter-output>
        </test-method> <!-- setUp -->
        <test-method status="PASS" signature="verifyDressPageTitle()[pri:0, instance:com.AutomationTesting.TestCases.TshirtsPageTest@91161c7]" name="verifyDressPageTitle" duration-ms="11" started-at="2020-05-21T10:42:46Z" finished-at="2020-05-21T10:42:46Z">
          <reporter-output>
          </reporter-output>
        </test-method> <!-- verifyDressPageTitle -->
        <test-method status="PASS" signature="tearDown()[pri:0, instance:com.AutomationTesting.TestCases.TshirtsPageTest@91161c7]" name="tearDown" is-config="true" duration-ms="619" started-at="2020-05-21T10:42:46Z" finished-at="2020-05-21T10:42:46Z">
          <reporter-output>
          </reporter-output>
        </test-method> <!-- tearDown -->
      </class> <!-- com.AutomationTesting.TestCases.TshirtsPageTest -->
    </test> <!-- Default test -->
  </suite> <!-- Default suite -->
</testng-results>
