<?xml version="1.0" encoding="UTF-8"?>
<testsuite name="TestSuite" time="4.186" tests="7" errors="0" skipped="0" failures="1">
  <properties>
[...]
</properties>
  <testcase name="verifyDressPageTitle" classname="com.AutomationTesting.TestCases.DressPageTest" time="0.04"/>
  <testcase name="verifyDressPageTitle" classname="com.AutomationTesting.TestCases.TshirtsPageTest" time="0.15"/>
  <testcase name="verifyHomePageTitle" classname="com.AutomationTesting.TestCases.HomePageTest" time="0.008"/>
  <testcase name="verifyWomenPageTitle" classname="com.AutomationTesting.TestCases.WomenPageTest" time="0.013"/>
  <testcase name="verifySummerDressPageTitle" classname="com.AutomationTesting.TestCases.SummerDressPageTest" time="0.023"/>
  <testcase name="verifyNewsLetterWithInvalidData" classname="com.AutomationTesting.TestCases.HomePageTest" time="0.592"/>
  <testcase name="verifyCheckBoxSelected" classname="com.AutomationTesting.TestCases.SummerDressPageTest" time="3.36">
    <failure message="expected [true] but found [false]" type="java.lang.AssertionError">java.lang.AssertionError: expected [true] but found [false]
	at org.testng.Assert.fail(Assert.java:93)
	at org.testng.Assert.failNotEquals(Assert.java:512)
	at org.testng.Assert.assertEqualsImpl(Assert.java:134)
	at org.testng.Assert.assertEquals(Assert.java:115)
	at org.testng.Assert.assertEquals(Assert.java:304)
	at org.testng.Assert.assertEquals(Assert.java:314)
	at com.AutomationTesting.TestCases.SummerDressPageTest.verifyCheckBoxSelected(SummerDressPageTest.java:32)
</failure>
  </testcase>
</testsuite>