<?xml version="1.0" encoding="UTF-8"?>
<testng-results skipped="0" failed="1" ignored="0" total="7" passed="6">
  <reporter-output>
  </reporter-output>
  <suite name="Suite" duration-ms="69225" started-at="2020-05-21T05:13:07Z" finished-at="2020-05-21T05:14:16Z">
    <groups>
    </groups>
    <test name="Test1" duration-ms="69225" started-at="2020-05-21T05:13:07Z" finished-at="2020-05-21T05:14:16Z">
      <class name="com.AutomationTesting.TestCases.SummerDressPageTest">
        <test-method status="PASS" signature="setUp()[pri:0, instance:com.AutomationTesting.TestCases.SummerDressPageTest@4b0d79fc]" name="setUp" is-config="true" duration-ms="38289" started-at="2020-05-21T10:43:34Z" finished-at="2020-05-21T10:44:12Z">
          <reporter-output>
          </reporter-output>
        </test-method> <!-- setUp -->
        <test-method status="PASS" signature="setUp()[pri:0, instance:com.AutomationTesting.TestCases.SummerDressPageTest@4b0d79fc]" name="setUp" is-config="true" duration-ms="36041" started-at="2020-05-21T10:43:36Z" finished-at="2020-05-21T10:44:12Z">
          <reporter-output>
          </reporter-output>
        </test-method> <!-- setUp -->
        <test-method status="PASS" signature="verifySummerDressPageTitle()[pri:1, instance:com.AutomationTesting.TestCases.SummerDressPageTest@4b0d79fc]" name="verifySummerDressPageTitle" duration-ms="22" started-at="2020-05-21T10:44:12Z" finished-at="2020-05-21T10:44:12Z">
          <reporter-output>
          </reporter-output>
        </test-method> <!-- verifySummerDressPageTitle -->
        <test-method status="PASS" signature="tearDown()[pri:0, instance:com.AutomationTesting.TestCases.SummerDressPageTest@4b0d79fc]" name="tearDown" is-config="true" duration-ms="630" started-at="2020-05-21T10:44:12Z" finished-at="2020-05-21T10:44:13Z">
          <reporter-output>
          </reporter-output>
        </test-method> <!-- tearDown -->
        <test-method status="FAIL" signature="verifyCheckBoxSelected()[pri:2, instance:com.AutomationTesting.TestCases.SummerDressPageTest@4b0d79fc]" name="verifyCheckBoxSelected" duration-ms="2801" started-at="2020-05-21T10:44:12Z" finished-at="2020-05-21T10:44:15Z">
          <exception class="java.lang.AssertionError">
            <message>
              <![CDATA[expected [true] but found [false]]]>
            </message>
            <full-stacktrace>
              <![CDATA[java.lang.AssertionError: expected [true] but found [false]
	at org.testng.Assert.fail(Assert.java:93)
	at org.testng.Assert.failNotEquals(Assert.java:512)
	at org.testng.Assert.assertEqualsImpl(Assert.java:134)
	at org.testng.Assert.assertEquals(Assert.java:115)
	at org.testng.Assert.assertEquals(Assert.java:304)
	at org.testng.Assert.assertEquals(Assert.java:314)
	at com.AutomationTesting.TestCases.SummerDressPageTest.verifyCheckBoxSelected(SummerDressPageTest.java:32)
	at sun.reflect.NativeMethodAccessorImpl.invoke0(Native Method)
	at sun.reflect.NativeMethodAccessorImpl.invoke(NativeMethodAccessorImpl.java:62)
	at sun.reflect.DelegatingMethodAccessorImpl.invoke(DelegatingMethodAccessorImpl.java:43)
	at java.lang.reflect.Method.invoke(Method.java:498)
	at org.testng.internal.MethodInvocationHelper.invokeMethod(MethodInvocationHelper.java:108)
	at org.testng.internal.Invoker.invokeMethod(Invoker.java:661)
	at org.testng.internal.Invoker.invokeTestMethod(Invoker.java:869)
	at org.testng.internal.Invoker.invokeTestMethods(Invoker.java:1193)
	at org.testng.internal.TestMethodWorker.invokeTestMethods(TestMethodWorker.java:126)
	at org.testng.internal.TestMethodWorker.run(TestMethodWorker.java:109)
	at java.util.concurrent.ThreadPoolExecutor.runWorker(ThreadPoolExecutor.java:1149)
	at java.util.concurrent.ThreadPoolExecutor$Worker.run(ThreadPoolExecutor.java:624)
	at java.lang.Thread.run(Thread.java:748)
]]>
            </full-stacktrace>
          </exception> <!-- java.lang.AssertionError -->
          <reporter-output>
          </reporter-output>
        </test-method> <!-- verifyCheckBoxSelected -->
        <test-method status="PASS" signature="tearDown()[pri:0, instance:com.AutomationTesting.TestCases.SummerDressPageTest@4b0d79fc]" name="tearDown" is-config="true" duration-ms="613" started-at="2020-05-21T10:44:16Z" finished-at="2020-05-21T10:44:16Z">
          <reporter-output>
          </reporter-output>
        </test-method> <!-- tearDown -->
      </class> <!-- com.AutomationTesting.TestCases.SummerDressPageTest -->
      <class name="com.AutomationTesting.TestCases.WomenPageTest">
        <test-method status="PASS" signature="setUp()[pri:0, instance:com.AutomationTesting.TestCases.WomenPageTest@55634720]" name="setUp" is-config="true" duration-ms="37663" started-at="2020-05-21T10:43:34Z" finished-at="2020-05-21T10:44:12Z">
          <reporter-output>
          </reporter-output>
        </test-method> <!-- setUp -->
        <test-method status="PASS" signature="verifyWomenPageTitle()[pri:1, instance:com.AutomationTesting.TestCases.WomenPageTest@55634720]" name="verifyWomenPageTitle" duration-ms="12" started-at="2020-05-21T10:44:12Z" finished-at="2020-05-21T10:44:12Z">
          <reporter-output>
          </reporter-output>
        </test-method> <!-- verifyWomenPageTitle -->
        <test-method status="PASS" signature="tearDown()[pri:0, instance:com.AutomationTesting.TestCases.WomenPageTest@55634720]" name="tearDown" is-config="true" duration-ms="588" started-at="2020-05-21T10:44:12Z" finished-at="2020-05-21T10:44:12Z">
          <reporter-output>
          </reporter-output>
        </test-method> <!-- tearDown -->
      </class> <!-- com.AutomationTesting.TestCases.WomenPageTest -->
      <class name="com.AutomationTesting.TestCases.TshirtsPageTest">
        <test-method status="PASS" signature="setUp()[pri:0, instance:com.AutomationTesting.TestCases.TshirtsPageTest@428640fa]" name="setUp" is-config="true" duration-ms="27986" started-at="2020-05-21T10:43:07Z" finished-at="2020-05-21T10:43:35Z">
          <reporter-output>
          </reporter-output>
        </test-method> <!-- setUp -->
        <test-method status="PASS" signature="verifyDressPageTitle()[pri:0, instance:com.AutomationTesting.TestCases.TshirtsPageTest@428640fa]" name="verifyDressPageTitle" duration-ms="149" started-at="2020-05-21T10:43:35Z" finished-at="2020-05-21T10:43:35Z">
          <reporter-output>
          </reporter-output>
        </test-method> <!-- verifyDressPageTitle -->
        <test-method status="PASS" signature="tearDown()[pri:0, instance:com.AutomationTesting.TestCases.TshirtsPageTest@428640fa]" name="tearDown" is-config="true" duration-ms="1056" started-at="2020-05-21T10:43:35Z" finished-at="2020-05-21T10:43:36Z">
          <reporter-output>
          </reporter-output>
        </test-method> <!-- tearDown -->
      </class> <!-- com.AutomationTesting.TestCases.TshirtsPageTest -->
      <class name="com.AutomationTesting.TestCases.DressPageTest">
        <test-method status="PASS" signature="setUp()[pri:0, instance:com.AutomationTesting.TestCases.DressPageTest@4c1909a3]" name="setUp" is-config="true" duration-ms="26231" started-at="2020-05-21T10:43:07Z" finished-at="2020-05-21T10:43:33Z">
          <reporter-output>
          </reporter-output>
        </test-method> <!-- setUp -->
        <test-method status="PASS" signature="verifyDressPageTitle()[pri:0, instance:com.AutomationTesting.TestCases.DressPageTest@4c1909a3]" name="verifyDressPageTitle" duration-ms="38" started-at="2020-05-21T10:43:33Z" finished-at="2020-05-21T10:43:33Z">
          <reporter-output>
          </reporter-output>
        </test-method> <!-- verifyDressPageTitle -->
        <test-method status="PASS" signature="tearDown()[pri:0, instance:com.AutomationTesting.TestCases.DressPageTest@4c1909a3]" name="tearDown" is-config="true" duration-ms="612" started-at="2020-05-21T10:43:33Z" finished-at="2020-05-21T10:43:34Z">
          <reporter-output>
          </reporter-output>
        </test-method> <!-- tearDown -->
      </class> <!-- com.AutomationTesting.TestCases.DressPageTest -->
      <class name="com.AutomationTesting.TestCases.HomePageTest">
        <test-method status="PASS" signature="setUp()[pri:0, instance:com.AutomationTesting.TestCases.HomePageTest@4659191b]" name="setUp" is-config="true" duration-ms="33986" started-at="2020-05-21T10:43:34Z" finished-at="2020-05-21T10:44:08Z">
          <reporter-output>
          </reporter-output>
        </test-method> <!-- setUp -->
        <test-method status="PASS" signature="setUp()[pri:0, instance:com.AutomationTesting.TestCases.HomePageTest@4659191b]" name="setUp" is-config="true" duration-ms="33525" started-at="2020-05-21T10:43:36Z" finished-at="2020-05-21T10:44:10Z">
          <reporter-output>
          </reporter-output>
        </test-method> <!-- setUp -->
        <test-method status="PASS" signature="verifyHomePageTitle()[pri:1, instance:com.AutomationTesting.TestCases.HomePageTest@4659191b]" name="verifyHomePageTitle" duration-ms="8" started-at="2020-05-21T10:44:08Z" finished-at="2020-05-21T10:44:08Z">
          <reporter-output>
          </reporter-output>
        </test-method> <!-- verifyHomePageTitle -->
        <test-method status="PASS" signature="tearDown()[pri:0, instance:com.AutomationTesting.TestCases.HomePageTest@4659191b]" name="tearDown" is-config="true" duration-ms="600" started-at="2020-05-21T10:44:08Z" finished-at="2020-05-21T10:44:08Z">
          <reporter-output>
          </reporter-output>
        </test-method> <!-- tearDown -->
        <test-method status="PASS" signature="verifyNewsLetterWithInvalidData()[pri:2, instance:com.AutomationTesting.TestCases.HomePageTest@4659191b]" name="verifyNewsLetterWithInvalidData" duration-ms="3109" started-at="2020-05-21T10:44:10Z" finished-at="2020-05-21T10:44:13Z">
          <reporter-output>
          </reporter-output>
        </test-method> <!-- verifyNewsLetterWithInvalidData -->
        <test-method status="PASS" signature="tearDown()[pri:0, instance:com.AutomationTesting.TestCases.HomePageTest@4659191b]" name="tearDown" is-config="true" duration-ms="607" started-at="2020-05-21T10:44:13Z" finished-at="2020-05-21T10:44:13Z">
          <reporter-output>
          </reporter-output>
        </test-method> <!-- tearDown -->
      </class> <!-- com.AutomationTesting.TestCases.HomePageTest -->
    </test> <!-- Test1 -->
  </suite> <!-- Suite -->
</testng-results>
